ERROR - k:\wildfire_customize\fichiers_config\config.pro, linenum 92:  Keyword 'MODEL_NOTE_DISPLAY' is not valid.
ERROR - k:\wildfire_customize\fichiers_config\config.pro, linenum 114: Invalid value 'shading_low' for keyword 'SAVE_MODEL_DISPLAY'.
ERROR - k:\wildfire_customize\fichiers_config\config.pro, linenum 137:  Keyword 'SYSTEM_EDGE_HIGH_COLOR' is not valid.
Connection restored with License Server(s)  1
Connection restored with License Server(s)  1
Connection restored with License Server(s)  1
Connection restored with License Server(s)  2
Connection restored with License Server(s)  2
Connection restored with License Server(s)  2
Connection restored with License Server(s)  3
Connection restored with License Server(s)  3
Connection restored with License Server(s)  3
Connection restored with License Server(s)  4
Connection restored with License Server(s)  4
Connection restored with License Server(s)  4
Connection restored with License Server(s)  5
Connection restored with License Server(s)  5
Connection restored with License Server(s)  5
Connection restored with License Server(s)  6
Connection restored with License Server(s)  6
Connection restored with License Server(s)  6
Connection restored with License Server(s)  7
Connection restored with License Server(s)  7
Connection restored with License Server(s)  7
Connection restored with License Server(s)  8
Connection restored with License Server(s)  8
Connection restored with License Server(s)  8
Connection restored with License Server(s)  9
Connection restored with License Server(s)  9
Connection restored with License Server(s)  9
Connection restored with License Server(s)  10
Connection restored with License Server(s)  10
Connection restored with License Server(s)  10
Connection restored with License Server(s)  11
Warning Licensing error: Excessive reconnection with License server(s), detected.
Connection restored with License Server(s)  11
Warning Licensing error: Excessive reconnection with License server(s), detected.
Connection restored with License Server(s)  11
Warning Licensing error: Excessive reconnection with License server(s), detected.
Connection restored with License Server(s)  12
Warning Licensing error: Excessive reconnection with License server(s), detected.
Connection restored with License Server(s)  12
Warning Licensing error: Excessive reconnection with License server(s), detected.
Connection restored with License Server(s)  12
Warning Licensing error: Excessive reconnection with License server(s), detected.
Connection restored with License Server(s)  13
Warning Licensing error: Excessive reconnection with License server(s), detected.
Connection restored with License Server(s)  13
Warning Licensing error: Excessive reconnection with License server(s), detected.
Connection restored with License Server(s)  13
Warning Licensing error: Excessive reconnection with License server(s), detected.
Connection restored with License Server(s)  14
Warning Licensing error: Excessive reconnection with License server(s), detected.
Connection restored with License Server(s)  14
Warning Licensing error: Excessive reconnection with License server(s), detected.
Connection restored with License Server(s)  14
Warning Licensing error: Excessive reconnection with License server(s), detected.
Connection restored with License Server(s)  15
Warning Licensing error: Excessive reconnection with License server(s), detected.
Connection restored with License Server(s)  15
Warning Licensing error: Excessive reconnection with License server(s), detected.
Connection restored with License Server(s)  15
Warning Licensing error: Excessive reconnection with License server(s), detected.
Connection restored with License Server(s)  16
Warning Licensing error: Excessive reconnection with License server(s), detected.
Connection restored with License Server(s)  16
Warning Licensing error: Excessive reconnection with License server(s), detected.
Connection restored with License Server(s)  16
Warning Licensing error: Excessive reconnection with License server(s), detected.
Connection restored with License Server(s)  17
Warning Licensing error: Excessive reconnection with License server(s), detected.
Connection restored with License Server(s)  17
Warning Licensing error: Excessive reconnection with License server(s), detected.
Connection restored with License Server(s)  17
Warning Licensing error: Excessive reconnection with License server(s), detected.
Connection restored with License Server(s)  18
Warning Licensing error: Excessive reconnection with License server(s), detected.
Connection restored with License Server(s)  18
Warning Licensing error: Excessive reconnection with License server(s), detected.
Connection restored with License Server(s)  18
Warning Licensing error: Excessive reconnection with License server(s), detected.
Connection restored with License Server(s)  19
Warning Licensing error: Excessive reconnection with License server(s), detected.
Connection restored with License Server(s)  19
Warning Licensing error: Excessive reconnection with License server(s), detected.
Connection restored with License Server(s)  19
Warning Licensing error: Excessive reconnection with License server(s), detected.
Connection restored with License Server(s)  20
Warning Licensing error: Excessive reconnection with License server(s), detected.
Connection restored with License Server(s)  20
Warning Licensing error: Excessive reconnection with License server(s), detected.
Connection restored with License Server(s)  20
Warning Licensing error: Excessive reconnection with License server(s), detected.
Connection restored with License Server(s)  21
Warning Licensing error: Excessive reconnection with License server(s), detected.
Connection restored with License Server(s)  21
Warning Licensing error: Excessive reconnection with License server(s), detected.
Connection restored with License Server(s)  21
Warning Licensing error: Excessive reconnection with License server(s), detected.
Connection restored with License Server(s)  22
Warning Licensing error: Excessive reconnection with License server(s), detected.
Connection restored with License Server(s)  22
Warning Licensing error: Excessive reconnection with License server(s), detected.
Connection restored with License Server(s)  22
Warning Licensing error: Excessive reconnection with License server(s), detected.
Connection restored with License Server(s)  23
Warning Licensing error: Excessive reconnection with License server(s), detected.
Connection restored with License Server(s)  23
Warning Licensing error: Excessive reconnection with License server(s), detected.
Connection restored with License Server(s)  23
Warning Licensing error: Excessive reconnection with License server(s), detected.
Connection restored with License Server(s)  24
Warning Licensing error: Excessive reconnection with License server(s), detected.
Connection restored with License Server(s)  24
Warning Licensing error: Excessive reconnection with License server(s), detected.
Connection restored with License Server(s)  24
Warning Licensing error: Excessive reconnection with License server(s), detected.
Connection restored with License Server(s)  1
Connection restored with License Server(s)  1
Connection restored with License Server(s)  1
