Removed Pin From Net: NetName=24V Pin=Q1-1
Removed Pin From Net: NetName=NetJ3_1 Pin=Q1-2
Removed Pin From Net: NetName=SETUP Pin=Q1-3
Removed Pin From Net: NetName=GND24V Pin=Q1-4
Removed Pin From Net: NetName=GND24V Pin=Q1-5
Removed Pin From Net: NetName=GND24V Pin=Q1-6
Removed Pin From Net: NetName=GND24V Pin=Q1-11
Removed Pin From Net: NetName=GND24V Pin=Q1-12
Removed Pin From Net: NetName=GND24V Pin=Q1-13
Removed Pin From Net: NetName=GND24V Pin=Q1-14
Removed Member From Class: ClassName=Schema_GEVE Member=Q1
Added Component: Designator=U4(D0016A_M)
Add component. Clean all parameters for all variants
Add component (AddParameter): Name = "Category"; Value = "DarlingtonBJT"; VariantName = "[No Variations]"
Add component (AddParameter): Name = "Configuration"; Value = "Array7"; VariantName = "[No Variations]"
Add component (AddParameter): Name = "Datasheet URL"; Value = "http://www.ti.com/general/docs/lit/getliterature.tsp?genericPartNumber=uln2003a&fileType=pdf"; VariantName = "[No Variations]"
Add component (AddParameter): Name = "Datasheet Version"; Value = "Rev. O, 01/2016"; VariantName = "[No Variations]"
Add component (AddParameter): Name = "Manufacturer"; Value = "TexasInstruments"; VariantName = "[No Variations]"
Add component (AddParameter): Name = "Manufacturer URL"; Value = "http://www.ti.com/"; VariantName = "[No Variations]"
Add component (AddParameter): Name = "Maximum Collector Emitter Saturation Voltage"; Value = "1.1@100mA"; VariantName = "[No Variations]"
Add component (AddParameter): Name = "Maximum Collector Emitter Voltage"; Value = "50V"; VariantName = "[No Variations]"
Add component (AddParameter): Name = "Mounting"; Value = "SurfaceMount"; VariantName = "[No Variations]"
Add component (AddParameter): Name = "Package"; Value = "16SOIC"; VariantName = "[No Variations]"
Add component (AddParameter): Name = "Package Description"; Value = "16-Pin Plastic Small Outline, Body 9.9 x 3.9 mm, Pitch 1.27 mm"; VariantName = "[No Variations]"
Add component (AddParameter): Name = "Package Reference"; Value = "D16"; VariantName = "[No Variations]"
Add component (AddParameter): Name = "Package URL"; Value = "http://www.ti.com/lit/ml/mpds178g/mpds178g.pdf"; VariantName = "[No Variations]"
Add component (AddParameter): Name = "Package Version"; Value = "4040047-6/M, 06/2011"; VariantName = "[No Variations]"
Add component (AddParameter): Name = "Packaging"; Value = "Tape&Reel"; VariantName = "[No Variations]"
Add component (AddParameter): Name = "Peak DC Collector Current"; Value = "0.5A"; VariantName = "[No Variations]"
Add component (AddParameter): Name = "Rad Hard"; Value = "No"; VariantName = "[No Variations]"
Add component (AddParameter): Name = "Type"; Value = "NPN"; VariantName = "[No Variations]"
Added Pin To Net: NetName=SETUP Pin=U4-1
Added Pin To Net: NetName=24V Pin=U4-8
Added Pin To Net: NetName=GND24V Pin=U4-9
Added Pin To Net: NetName=NetJ3_1 Pin=U4-16
Added Member To Class: ClassName=Schema_GEVE Member=Component U4 ULN2003ADR
Added Room: Name=Schema_GEVE
