Change component parameters: Designator = "Pot1"; Footprint = "PCW1J-B28-BAB103L"; UniqueID = "\YXUGKMQQ"
Change component parameters. Clean all parameters for all variants
Change component parameters (AddParameter): Name = "Designer"; Value = "B.Musy"; VariantName = "[No Variations]"
Change component parameters (AddParameter): Name = "HelpURL"; Value = "https://www.findchips.com/search/PCW1J-B28-BAB103L"; VariantName = "[No Variations]"
Change component parameters (AddParameter): Name = "LastestRevisionDate"; Value = "05.11.2020"; VariantName = "[No Variations]"
Change component parameters (AddParameter): Name = "Manufacturer"; Value = "Bourns.inc"; VariantName = "[No Variations]"
Change component parameters (AddParameter): Name = "ManufacturerPN"; Value = "PCW1J-B28-BAB103L"; VariantName = "[No Variations]"
Change component parameters (AddParameter): Name = "Supplier1"; Value = "Digikey"; VariantName = "[No Variations]"
Change component parameters (AddParameter): Name = "Supplier1PN"; Value = "PCW1J-B28-BAB103L-ND"; VariantName = "[No Variations]"
Change component parameters (AddParameter): Name = "Value"; Value = "10K"; VariantName = "[No Variations]"
Change component parameters: Designator = "Pot2"; Footprint = "PCW1J-B28-BAB103L"; UniqueID = "\RUYOIMPP"
Change component parameters. Clean all parameters for all variants
Change component parameters (AddParameter): Name = "Designer"; Value = "B.Musy"; VariantName = "[No Variations]"
Change component parameters (AddParameter): Name = "HelpURL"; Value = "https://www.findchips.com/search/PCW1J-B28-BAB103L"; VariantName = "[No Variations]"
Change component parameters (AddParameter): Name = "LastestRevisionDate"; Value = "05.11.2020"; VariantName = "[No Variations]"
Change component parameters (AddParameter): Name = "Manufacturer"; Value = "Bourns.inc"; VariantName = "[No Variations]"
Change component parameters (AddParameter): Name = "ManufacturerPN"; Value = "PCW1J-B28-BAB103L"; VariantName = "[No Variations]"
Change component parameters (AddParameter): Name = "Supplier1"; Value = "Digikey"; VariantName = "[No Variations]"
Change component parameters (AddParameter): Name = "Supplier1PN"; Value = "PCW1J-B28-BAB103L-ND"; VariantName = "[No Variations]"
Change component parameters (AddParameter): Name = "Value"; Value = "10K"; VariantName = "[No Variations]"
Change component parameters: Designator = "Pot3"; Footprint = "PCW1J-B28-BAB103L"; UniqueID = "\EOOJPRAI"
Change component parameters. Clean all parameters for all variants
Change component parameters (AddParameter): Name = "Designer"; Value = "B.Musy"; VariantName = "[No Variations]"
Change component parameters (AddParameter): Name = "HelpURL"; Value = "https://www.findchips.com/search/PCW1J-B28-BAB103L"; VariantName = "[No Variations]"
Change component parameters (AddParameter): Name = "LastestRevisionDate"; Value = "05.11.2020"; VariantName = "[No Variations]"
Change component parameters (AddParameter): Name = "Manufacturer"; Value = "Bourns.inc"; VariantName = "[No Variations]"
Change component parameters (AddParameter): Name = "ManufacturerPN"; Value = "PCW1J-B28-BAB103L"; VariantName = "[No Variations]"
Change component parameters (AddParameter): Name = "Supplier1"; Value = "Digikey"; VariantName = "[No Variations]"
Change component parameters (AddParameter): Name = "Supplier1PN"; Value = "PCW1J-B28-BAB103L-ND"; VariantName = "[No Variations]"
Change component parameters (AddParameter): Name = "Value"; Value = "10K"; VariantName = "[No Variations]"
Change component parameters: Designator = "J1"; Footprint = "AST0250204"; UniqueID = "\NHWCNARW"
Change component parameters. Clean all parameters for all variants
Change component parameters (AddParameter): Name = "Designer"; Value = "B.Musy"; VariantName = "[No Variations]"
Change component parameters (AddParameter): Name = "HelpURL"; Value = "https://www.findchips.com/search/AST0250204"; VariantName = "[No Variations]"
Change component parameters (AddParameter): Name = "LastestRevision"; Value = "05.11.2020"; VariantName = "[No Variations]"
Change component parameters (AddParameter): Name = "Manufacturer"; Value = "METZ Connect USA"; VariantName = "[No Variations]"
Change component parameters (AddParameter): Name = "ManufacturerPN"; Value = "AST0250204"; VariantName = "[No Variations]"
Change component parameters (AddParameter): Name = "Supplier1"; Value = "Digikey"; VariantName = "[No Variations]"
Change component parameters (AddParameter): Name = "Supplier1PN"; Value = "1849-1111-ND"; VariantName = "[No Variations]"
Change component parameters (AddParameter): Name = "UnitaryCost"; Value = "1.5"; VariantName = "[No Variations]"
Change component parameters: Designator = "J2"; Footprint = "AST0250204"; UniqueID = "\CBSLNSLG"
Change component parameters. Clean all parameters for all variants
Change component parameters (AddParameter): Name = "Designer"; Value = "B.Musy"; VariantName = "[No Variations]"
Change component parameters (AddParameter): Name = "HelpURL"; Value = "https://www.findchips.com/search/AST0250204"; VariantName = "[No Variations]"
Change component parameters (AddParameter): Name = "LastestRevision"; Value = "05.11.2020"; VariantName = "[No Variations]"
Change component parameters (AddParameter): Name = "Manufacturer"; Value = "METZ Connect USA"; VariantName = "[No Variations]"
Change component parameters (AddParameter): Name = "ManufacturerPN"; Value = "AST0250204"; VariantName = "[No Variations]"
Change component parameters (AddParameter): Name = "Supplier1"; Value = "Digikey"; VariantName = "[No Variations]"
Change component parameters (AddParameter): Name = "Supplier1PN"; Value = "1849-1111-ND"; VariantName = "[No Variations]"
Change component parameters (AddParameter): Name = "UnitaryCost"; Value = "1.5"; VariantName = "[No Variations]"
Change component parameters: Designator = "J3"; Footprint = "AST0250204"; UniqueID = "\NUHRKGUO"
Change component parameters. Clean all parameters for all variants
Change component parameters (AddParameter): Name = "Designer"; Value = "B.Musy"; VariantName = "[No Variations]"
Change component parameters (AddParameter): Name = "HelpURL"; Value = "https://www.findchips.com/search/AST0250204"; VariantName = "[No Variations]"
Change component parameters (AddParameter): Name = "LastestRevision"; Value = "05.11.2020"; VariantName = "[No Variations]"
Change component parameters (AddParameter): Name = "Manufacturer"; Value = "METZ Connect USA"; VariantName = "[No Variations]"
Change component parameters (AddParameter): Name = "ManufacturerPN"; Value = "AST0250204"; VariantName = "[No Variations]"
Change component parameters (AddParameter): Name = "Supplier1"; Value = "Digikey"; VariantName = "[No Variations]"
Change component parameters (AddParameter): Name = "Supplier1PN"; Value = "1849-1111-ND"; VariantName = "[No Variations]"
Change component parameters (AddParameter): Name = "UnitaryCost"; Value = "1.5"; VariantName = "[No Variations]"
Change component parameters: Designator = "J4"; Footprint = "AST0250204"; UniqueID = "\FMRIDHOA"
Change component parameters. Clean all parameters for all variants
Change component parameters (AddParameter): Name = "Designer"; Value = "B.Musy"; VariantName = "[No Variations]"
Change component parameters (AddParameter): Name = "HelpURL"; Value = "https://www.findchips.com/search/AST0250204"; VariantName = "[No Variations]"
Change component parameters (AddParameter): Name = "LastestRevision"; Value = "05.11.2020"; VariantName = "[No Variations]"
Change component parameters (AddParameter): Name = "Manufacturer"; Value = "METZ Connect USA"; VariantName = "[No Variations]"
Change component parameters (AddParameter): Name = "ManufacturerPN"; Value = "AST0250204"; VariantName = "[No Variations]"
Change component parameters (AddParameter): Name = "Supplier1"; Value = "Digikey"; VariantName = "[No Variations]"
Change component parameters (AddParameter): Name = "Supplier1PN"; Value = "1849-1111-ND"; VariantName = "[No Variations]"
Change component parameters (AddParameter): Name = "UnitaryCost"; Value = "1.5"; VariantName = "[No Variations]"
Change component parameters: Designator = "J5"; Footprint = "AST0250204"; UniqueID = "\STGJRJUB"
Change component parameters. Clean all parameters for all variants
Change component parameters (AddParameter): Name = "Designer"; Value = "B.Musy"; VariantName = "[No Variations]"
Change component parameters (AddParameter): Name = "HelpURL"; Value = "https://www.findchips.com/search/AST0250204"; VariantName = "[No Variations]"
Change component parameters (AddParameter): Name = "LastestRevision"; Value = "05.11.2020"; VariantName = "[No Variations]"
Change component parameters (AddParameter): Name = "Manufacturer"; Value = "METZ Connect USA"; VariantName = "[No Variations]"
Change component parameters (AddParameter): Name = "ManufacturerPN"; Value = "AST0250204"; VariantName = "[No Variations]"
Change component parameters (AddParameter): Name = "Supplier1"; Value = "Digikey"; VariantName = "[No Variations]"
Change component parameters (AddParameter): Name = "Supplier1PN"; Value = "1849-1111-ND"; VariantName = "[No Variations]"
Change component parameters (AddParameter): Name = "UnitaryCost"; Value = "1.5"; VariantName = "[No Variations]"
Change component parameters: Designator = "J6"; Footprint = "AST0250204"; UniqueID = "\UYWDCMDX"
Change component parameters. Clean all parameters for all variants
Change component parameters (AddParameter): Name = "Designer"; Value = "B.Musy"; VariantName = "[No Variations]"
Change component parameters (AddParameter): Name = "HelpURL"; Value = "https://www.findchips.com/search/AST0250204"; VariantName = "[No Variations]"
Change component parameters (AddParameter): Name = "LastestRevision"; Value = "05.11.2020"; VariantName = "[No Variations]"
Change component parameters (AddParameter): Name = "Manufacturer"; Value = "METZ Connect USA"; VariantName = "[No Variations]"
Change component parameters (AddParameter): Name = "ManufacturerPN"; Value = "AST0250204"; VariantName = "[No Variations]"
Change component parameters (AddParameter): Name = "Supplier1"; Value = "Digikey"; VariantName = "[No Variations]"
Change component parameters (AddParameter): Name = "Supplier1PN"; Value = "1849-1111-ND"; VariantName = "[No Variations]"
Change component parameters (AddParameter): Name = "UnitaryCost"; Value = "1.5"; VariantName = "[No Variations]"
Change component parameters: Designator = "J7"; Footprint = "AST0250204"; UniqueID = "\HFQPCQBG"
Change component parameters. Clean all parameters for all variants
Change component parameters (AddParameter): Name = "Designer"; Value = "B.Musy"; VariantName = "[No Variations]"
Change component parameters (AddParameter): Name = "HelpURL"; Value = "https://www.findchips.com/search/AST0250204"; VariantName = "[No Variations]"
Change component parameters (AddParameter): Name = "LastestRevision"; Value = "05.11.2020"; VariantName = "[No Variations]"
Change component parameters (AddParameter): Name = "Manufacturer"; Value = "METZ Connect USA"; VariantName = "[No Variations]"
Change component parameters (AddParameter): Name = "ManufacturerPN"; Value = "AST0250204"; VariantName = "[No Variations]"
Change component parameters (AddParameter): Name = "Supplier1"; Value = "Digikey"; VariantName = "[No Variations]"
Change component parameters (AddParameter): Name = "Supplier1PN"; Value = "1849-1111-ND"; VariantName = "[No Variations]"
Change component parameters (AddParameter): Name = "UnitaryCost"; Value = "1.5"; VariantName = "[No Variations]"
Change component parameters: Designator = "J8"; Footprint = "AST0250204"; UniqueID = "\PMRDANHN"
Change component parameters. Clean all parameters for all variants
Change component parameters (AddParameter): Name = "Designer"; Value = "B.Musy"; VariantName = "[No Variations]"
Change component parameters (AddParameter): Name = "HelpURL"; Value = "https://www.findchips.com/search/AST0250204"; VariantName = "[No Variations]"
Change component parameters (AddParameter): Name = "LastestRevision"; Value = "05.11.2020"; VariantName = "[No Variations]"
Change component parameters (AddParameter): Name = "Manufacturer"; Value = "METZ Connect USA"; VariantName = "[No Variations]"
Change component parameters (AddParameter): Name = "ManufacturerPN"; Value = "AST0250204"; VariantName = "[No Variations]"
Change component parameters (AddParameter): Name = "Supplier1"; Value = "Digikey"; VariantName = "[No Variations]"
Change component parameters (AddParameter): Name = "Supplier1PN"; Value = "1849-1111-ND"; VariantName = "[No Variations]"
Change component parameters (AddParameter): Name = "UnitaryCost"; Value = "1.5"; VariantName = "[No Variations]"
Change component parameters: Designator = "J9"; Footprint = "AST0250204"; UniqueID = "\VRTXLTBT"
Change component parameters. Clean all parameters for all variants
Change component parameters (AddParameter): Name = "Designer"; Value = "B.Musy"; VariantName = "[No Variations]"
Change component parameters (AddParameter): Name = "HelpURL"; Value = "https://www.findchips.com/search/AST0250204"; VariantName = "[No Variations]"
Change component parameters (AddParameter): Name = "LastestRevision"; Value = "05.11.2020"; VariantName = "[No Variations]"
Change component parameters (AddParameter): Name = "Manufacturer"; Value = "METZ Connect USA"; VariantName = "[No Variations]"
Change component parameters (AddParameter): Name = "ManufacturerPN"; Value = "AST0250204"; VariantName = "[No Variations]"
Change component parameters (AddParameter): Name = "Supplier1"; Value = "Digikey"; VariantName = "[No Variations]"
Change component parameters (AddParameter): Name = "Supplier1PN"; Value = "1849-1111-ND"; VariantName = "[No Variations]"
Change component parameters (AddParameter): Name = "UnitaryCost"; Value = "1.5"; VariantName = "[No Variations]"
Change component parameters: Designator = "U2"; Footprint = "ARDUINO_A000066"; UniqueID = "\RPLDUSSV"
Change component parameters. Clean all parameters for all variants
Change component parameters (AddParameter): Name = "Designer"; Value = "B.Musy"; VariantName = "[No Variations]"
Change component parameters (AddParameter): Name = "HelpURL"; Value = "https://www.findchips.com/search/A000066"; VariantName = "[No Variations]"
Change component parameters (AddParameter): Name = "LastestRevisionDate"; Value = "05.11.2020"; VariantName = "[No Variations]"
Change component parameters (AddParameter): Name = "Manufacturer"; Value = "Arduino"; VariantName = "[No Variations]"
Change component parameters (AddParameter): Name = "ManufacturerPN"; Value = "A000066"; VariantName = "[No Variations]"
Change component parameters (AddParameter): Name = "Supplier1"; Value = "Digikey"; VariantName = "[No Variations]"
Change component parameters (AddParameter): Name = "Supplier1PN"; Value = "1050-1024-ND"; VariantName = "[No Variations]"
Change component parameters (AddParameter): Name = "UnitaryCost"; Value = "20.20"; VariantName = "[No Variations]"
Added Component: Designator=LCD1(LCD2004)
Add component. Clean all parameters for all variants
Add component (AddParameter): Name = "Designer"; Value = "B.Musy"; VariantName = "[No Variations]"
Add component (AddParameter): Name = "LastestRevision"; Value = "05.11.2020"; VariantName = "[No Variations]"
Add component (AddParameter): Name = "Manufacturer"; Value = "Geekcreit"; VariantName = "[No Variations]"
Add component (AddParameter): Name = "ManufacturerPN"; Value = "LCP"; VariantName = "[No Variations]"
Add component (AddParameter): Name = "Supplier1"; Value = "Banggood"; VariantName = "[No Variations]"
Add component (AddParameter): Name = "Supplier1Link"; Value = "https://www.banggood.com/Geekcreit-IIC-I2C-2004-204-20-x-4-Character-LCD-Display-Screen-Module-Blue-Geekcreit-for-Arduino-products-that-work-with-official-Arduino-boards-p-908616.html?akmClientCountry=CH&utm_design=41&utm_source=emarsys&utm_medium=Neworder171109&utm_campaign=trigger-order&utm_content=winna&sc_src=email_2675773&sc_eh=e67184d980d793a21&sc_llid=15736518&sc_lid=105229698&sc_uid=BLRGE8BQiu&cur_warehouse=UK"; VariantName = "[No Variations]"
Added Pin To Net: NetName=GND Pin=LCD1-1
Added Pin To Net: NetName=5V LCD Pin=LCD1-2
Added Pin To Net: NetName=SDA Pin=LCD1-3
Added Pin To Net: NetName=SCL Pin=LCD1-4
Added Pin To Net: NetName=GND Pin=LCD1-5
Added Pin To Net: NetName=5V LCD Pin=LCD1-6
Added Pin To Net: NetName=NetLCD1_7 Pin=LCD1-7
Added Pin To Net: NetName=NetLCD1_8 Pin=LCD1-8
Added Pin To Net: NetName=NetLCD1_9 Pin=LCD1-9
Added Pin To Net: NetName=NetLCD1_10 Pin=LCD1-10
Added Pin To Net: NetName=NetLCD1_15 Pin=LCD1-15
Added Pin To Net: NetName=NetLCD1_16 Pin=LCD1-16
Added Pin To Net: NetName=NetLCD1_17 Pin=LCD1-17
Added Pin To Net: NetName=NetLCD1_18 Pin=LCD1-18
Added Pin To Net: NetName=NetJU1_2 Pin=LCD1-19
Added Pin To Net: NetName=NetLCD1_20 Pin=LCD1-20
Added Member To Class: ClassName=Schema_GEVE Member=Component LCD1 LCD2004A
Added Room: Name=Schema_GEVE
