Removed Pin From Net: NetName=24V Pin=U2-8
Removed Pin From Net: NetName=GND24V Pin=U2-9
Added Component: Designator=J14(AST0250204)
Add component. Clean all parameters for all variants
Add component (AddParameter): Name = "Designer"; Value = "B.Musy"; VariantName = "[No Variations]"
Add component (AddParameter): Name = "HelpURL"; Value = "https://www.findchips.com/search/AST0250204"; VariantName = "[No Variations]"
Add component (AddParameter): Name = "LastestRevision"; Value = "05.11.2020"; VariantName = "[No Variations]"
Add component (AddParameter): Name = "Manufacturer"; Value = "METZ Connect USA"; VariantName = "[No Variations]"
Add component (AddParameter): Name = "ManufacturerPN"; Value = "AST0250204"; VariantName = "[No Variations]"
Add component (AddParameter): Name = "Supplier1"; Value = "Digikey"; VariantName = "[No Variations]"
Add component (AddParameter): Name = "Supplier1PN"; Value = "1849-1111-ND"; VariantName = "[No Variations]"
Add component (AddParameter): Name = "UnitaryCost"; Value = "1.5"; VariantName = "[No Variations]"
Added Pin To Net: NetName=24V Pin=J14-1
Added Pin To Net: NetName=GND24V Pin=J14-2
Added Pin To Net: NetName=GND24V Pin=U2-8
Added Pin To Net: NetName=24V Pin=U2-9
Change Net Name : Old Net Name=POT_IE New Net Name=POT_VT
Change Net Name : Old Net Name=POT_VT New Net Name=POT_IE
Added Member To Class: ClassName=Schema_GEVE Member=Component J14 AST0250204
Added Room: Name=Composants_Supplementaire
Added Room: Name=Schema_GEVE
